  [1m[35m (0.2ms)[0m  [1m[34mSELECT sqlite_version(*)[0m
  ↳ bin/rails:9
  [1m[35m (0.8ms)[0m  [1m[35mCREATE TABLE "schema_migrations" ("version" varchar NOT NULL PRIMARY KEY)[0m
  ↳ bin/rails:9
  [1m[35m (0.7ms)[0m  [1m[35mCREATE TABLE "ar_internal_metadata" ("key" varchar NOT NULL PRIMARY KEY, "value" varchar, "created_at" datetime NOT NULL, "updated_at" datetime NOT NULL)[0m
  ↳ bin/rails:9
  [1m[35m (0.1ms)[0m  [1m[34mSELECT "schema_migrations"."version" FROM "schema_migrations" ORDER BY "schema_migrations"."version" ASC[0m
  ↳ bin/rails:9
Migrating to CreateAnimals (20180515015403)
  [1m[35m (0.1ms)[0m  [1m[36mbegin transaction[0m
  ↳ bin/rails:9
  [1m[35m (0.3ms)[0m  [1m[35mCREATE TABLE "animals" ("id" integer PRIMARY KEY AUTOINCREMENT NOT NULL, "name" text, "species" text, "description" text, "image_url" text, "age" integer, "roundness" integer, "alive" boolean, "created_at" datetime NOT NULL, "updated_at" datetime NOT NULL)[0m
  ↳ db/migrate/20180515015403_create_animals.rb:3
  [1m[36mActiveRecord::SchemaMigration Create (0.1ms)[0m  [1m[32mINSERT INTO "schema_migrations" ("version") VALUES (?)[0m  [["version", "20180515015403"]]
  ↳ bin/rails:9
  [1m[35m (0.4ms)[0m  [1m[36mcommit transaction[0m
  ↳ bin/rails:9
  [1m[36mActiveRecord::InternalMetadata Load (0.1ms)[0m  [1m[34mSELECT  "ar_internal_metadata".* FROM "ar_internal_metadata" WHERE "ar_internal_metadata"."key" = ? LIMIT ?[0m  [["key", "environment"], ["LIMIT", 1]]
  ↳ bin/rails:9
  [1m[35m (0.1ms)[0m  [1m[36mbegin transaction[0m
  ↳ bin/rails:9
  [1m[36mActiveRecord::InternalMetadata Create (0.2ms)[0m  [1m[32mINSERT INTO "ar_internal_metadata" ("key", "value", "created_at", "updated_at") VALUES (?, ?, ?, ?)[0m  [["key", "environment"], ["value", "development"], ["created_at", "2018-05-15 02:01:56.633590"], ["updated_at", "2018-05-15 02:01:56.633590"]]
  ↳ bin/rails:9
  [1m[35m (0.5ms)[0m  [1m[36mcommit transaction[0m
  ↳ bin/rails:9
  [1m[35m (0.1ms)[0m  [1m[34mSELECT "schema_migrations"."version" FROM "schema_migrations" ORDER BY "schema_migrations"."version" ASC[0m
  ↳ bin/rails:9
  [1m[35m (0.4ms)[0m  [1m[34mSELECT "schema_migrations"."version" FROM "schema_migrations" ORDER BY "schema_migrations"."version" ASC[0m
  ↳ bin/rails:9
  [1m[35m (0.1ms)[0m  [1m[36mbegin transaction[0m
  [1m[36mAnimal Create (0.9ms)[0m  [1m[32mINSERT INTO "animals" ("name", "species", "description", "age", "roundness", "alive", "created_at", "updated_at") VALUES (?, ?, ?, ?, ?, ?, ?, ?)[0m  [["name", "Ruby"], ["species", "Doggo"], ["description", "Heaps bouncy and happy"], ["age", 1], ["roundness", 2], ["alive", 1], ["created_at", "2018-05-15 02:22:49.919719"], ["updated_at", "2018-05-15 02:22:49.919719"]]
  [1m[35m (2.5ms)[0m  [1m[36mcommit transaction[0m
  [1m[35m (0.1ms)[0m  [1m[36mbegin transaction[0m
  [1m[36mAnimal Update (0.3ms)[0m  [1m[33mUPDATE "animals" SET "image_url" = ?, "updated_at" = ? WHERE "animals"."id" = ?[0m  [["image_url", "http://fillmurray.com/300/300"], ["updated_at", "2018-05-15 02:24:10.227570"], ["id", 1]]
  [1m[35m (0.5ms)[0m  [1m[36mcommit transaction[0m
  [1m[36mAnimal Load (0.2ms)[0m  [1m[34mSELECT "animals".* FROM "animals"[0m
  [1m[35m (0.1ms)[0m  [1m[36mbegin transaction[0m
  [1m[36mAnimal Create (0.2ms)[0m  [1m[32mINSERT INTO "animals" ("name", "species", "description", "age", "roundness", "alive", "created_at", "updated_at") VALUES (?, ?, ?, ?, ?, ?, ?, ?)[0m  [["name", "Oscar"], ["species", "Bin monster"], ["description", "The Grouch"], ["age", 5], ["roundness", 5], ["alive", 0], ["created_at", "2018-05-15 02:26:58.189198"], ["updated_at", "2018-05-15 02:26:58.189198"]]
  [1m[35m (1.0ms)[0m  [1m[36mcommit transaction[0m
  [1m[36mAnimal Load (0.1ms)[0m  [1m[34mSELECT "animals".* FROM "animals"[0m
  [1m[36mAnimal Load (0.2ms)[0m  [1m[34mSELECT  "animals".* FROM "animals" ORDER BY "animals"."id" ASC LIMIT ?[0m  [["LIMIT", 1]]
  [1m[36mAnimal Load (0.1ms)[0m  [1m[34mSELECT  "animals".* FROM "animals" ORDER BY "animals"."id" ASC LIMIT ?[0m  [["LIMIT", 1]]
  [1m[36mAnimal Load (0.2ms)[0m  [1m[34mSELECT  "animals".* FROM "animals" WHERE "animals"."id" = ? LIMIT ?[0m  [["id", 1], ["LIMIT", 1]]
  [1m[36mAnimal Load (0.2ms)[0m  [1m[34mSELECT "animals".* FROM "animals" WHERE "animals"."alive" = ?[0m  [["alive", 1]]
  [1m[36mAnimal Load (0.2ms)[0m  [1m[34mSELECT  "animals".* FROM "animals" WHERE "animals"."name" = ? LIMIT ?[0m  [["name", "Oscar"], ["LIMIT", 1]]
  [1m[36mAnimal Load (0.2ms)[0m  [1m[34mSELECT "animals".* FROM "animals" WHERE "animals"."name" = ? AND "animals"."age" = ?[0m  [["name", "Ruby"], ["age", 1]]
  [1m[36mAnimal Load (0.1ms)[0m  [1m[34mSELECT "animals".* FROM "animals" WHERE "animals"."name" = ? AND "animals"."age" = ?[0m  [["name", "Ruby"], ["age", 2]]
  [1m[36mAnimal Load (0.2ms)[0m  [1m[34mSELECT "animals".* FROM "animals" WHERE (name = 'Ruby' AND age = 1)[0m
  [1m[36mAnimal Load (0.2ms)[0m  [1m[34mSELECT  "animals".* FROM "animals" ORDER BY "animals"."id" ASC LIMIT ? OFFSET ?[0m  [["LIMIT", 1], ["OFFSET", 1]]
