Started GET "/" for 127.0.0.1 at 2018-05-14 15:00:37 +1000
Processing by Rails::WelcomeController#index as HTML
  Rendering /Users/textchimp/.rvm/gems/ruby-2.4.1/gems/railties-5.2.0/lib/rails/templates/rails/welcome/index.html.erb
  Rendered /Users/textchimp/.rvm/gems/ruby-2.4.1/gems/railties-5.2.0/lib/rails/templates/rails/welcome/index.html.erb (2.9ms)
Completed 200 OK in 20ms (Views: 8.0ms | ActiveRecord: 0.0ms)


Started GET "/" for 127.0.0.1 at 2018-05-14 16:06:20 +1000
Processing by Rails::WelcomeController#index as HTML
  Rendering /Users/textchimp/.rvm/gems/ruby-2.4.1/gems/railties-5.2.0/lib/rails/templates/rails/welcome/index.html.erb
  Rendered /Users/textchimp/.rvm/gems/ruby-2.4.1/gems/railties-5.2.0/lib/rails/templates/rails/welcome/index.html.erb (4.3ms)
Completed 200 OK in 21ms (Views: 11.9ms | ActiveRecord: 0.0ms)


Started GET "/stocks" for 127.0.0.1 at 2018-05-14 16:06:25 +1000
Processing by StocksController#search_form as HTML
  Rendering stocks/search_form.html.erb within layouts/application
  Rendered stocks/search_form.html.erb within layouts/application (0.3ms)
Completed 200 OK in 177ms (Views: 175.7ms | ActiveRecord: 0.0ms)


Started GET "/stocks/lookup?stock_symbol=AAPL" for 127.0.0.1 at 2018-05-14 16:06:30 +1000
  
ActionController::RoutingError (No route matches [GET] "/stocks/lookup"):
  
actionpack (5.2.0) lib/action_dispatch/middleware/debug_exceptions.rb:65:in `call'
web-console (3.6.2) lib/web_console/middleware.rb:135:in `call_app'
web-console (3.6.2) lib/web_console/middleware.rb:30:in `block in call'
web-console (3.6.2) lib/web_console/middleware.rb:20:in `catch'
web-console (3.6.2) lib/web_console/middleware.rb:20:in `call'
actionpack (5.2.0) lib/action_dispatch/middleware/show_exceptions.rb:33:in `call'
railties (5.2.0) lib/rails/rack/logger.rb:38:in `call_app'
railties (5.2.0) lib/rails/rack/logger.rb:26:in `block in call'
activesupport (5.2.0) lib/active_support/tagged_logging.rb:71:in `block in tagged'
activesupport (5.2.0) lib/active_support/tagged_logging.rb:28:in `tagged'
activesupport (5.2.0) lib/active_support/tagged_logging.rb:71:in `tagged'
railties (5.2.0) lib/rails/rack/logger.rb:26:in `call'
sprockets-rails (3.2.1) lib/sprockets/rails/quiet_assets.rb:13:in `call'
actionpack (5.2.0) lib/action_dispatch/middleware/remote_ip.rb:81:in `call'
actionpack (5.2.0) lib/action_dispatch/middleware/request_id.rb:27:in `call'
rack (2.0.5) lib/rack/method_override.rb:22:in `call'
rack (2.0.5) lib/rack/runtime.rb:22:in `call'
activesupport (5.2.0) lib/active_support/cache/strategy/local_cache_middleware.rb:29:in `call'
actionpack (5.2.0) lib/action_dispatch/middleware/executor.rb:14:in `call'
actionpack (5.2.0) lib/action_dispatch/middleware/static.rb:127:in `call'
rack (2.0.5) lib/rack/sendfile.rb:111:in `call'
railties (5.2.0) lib/rails/engine.rb:524:in `call'
puma (3.11.4) lib/puma/configuration.rb:225:in `call'
puma (3.11.4) lib/puma/server.rb:632:in `handle_request'
puma (3.11.4) lib/puma/server.rb:446:in `process_client'
puma (3.11.4) lib/puma/server.rb:306:in `block in run'
puma (3.11.4) lib/puma/thread_pool.rb:120:in `block in spawn_thread'
Started GET "/stocks/lookup?stock_symbol=AAPL" for 127.0.0.1 at 2018-05-14 16:07:30 +1000
  
AbstractController::ActionNotFound (The action 'search_results' could not be found for StocksController):
  
actionpack (5.2.0) lib/abstract_controller/base.rb:129:in `process'
actionview (5.2.0) lib/action_view/rendering.rb:32:in `process'
actionpack (5.2.0) lib/action_controller/metal.rb:191:in `dispatch'
actionpack (5.2.0) lib/action_controller/metal.rb:252:in `dispatch'
actionpack (5.2.0) lib/action_dispatch/routing/route_set.rb:52:in `dispatch'
actionpack (5.2.0) lib/action_dispatch/routing/route_set.rb:34:in `serve'
actionpack (5.2.0) lib/action_dispatch/journey/router.rb:52:in `block in serve'
actionpack (5.2.0) lib/action_dispatch/journey/router.rb:35:in `each'
actionpack (5.2.0) lib/action_dispatch/journey/router.rb:35:in `serve'
actionpack (5.2.0) lib/action_dispatch/routing/route_set.rb:840:in `call'
rack (2.0.5) lib/rack/tempfile_reaper.rb:15:in `call'
rack (2.0.5) lib/rack/etag.rb:25:in `call'
rack (2.0.5) lib/rack/conditional_get.rb:25:in `call'
rack (2.0.5) lib/rack/head.rb:12:in `call'
actionpack (5.2.0) lib/action_dispatch/http/content_security_policy.rb:18:in `call'
rack (2.0.5) lib/rack/session/abstract/id.rb:232:in `context'
rack (2.0.5) lib/rack/session/abstract/id.rb:226:in `call'
actionpack (5.2.0) lib/action_dispatch/middleware/cookies.rb:670:in `call'
activerecord (5.2.0) lib/active_record/migration.rb:559:in `call'
actionpack (5.2.0) lib/action_dispatch/middleware/callbacks.rb:28:in `block in call'
activesupport (5.2.0) lib/active_support/callbacks.rb:98:in `run_callbacks'
actionpack (5.2.0) lib/action_dispatch/middleware/callbacks.rb:26:in `call'
actionpack (5.2.0) lib/action_dispatch/middleware/executor.rb:14:in `call'
actionpack (5.2.0) lib/action_dispatch/middleware/debug_exceptions.rb:61:in `call'
web-console (3.6.2) lib/web_console/middleware.rb:135:in `call_app'
web-console (3.6.2) lib/web_console/middleware.rb:30:in `block in call'
web-console (3.6.2) lib/web_console/middleware.rb:20:in `catch'
web-console (3.6.2) lib/web_console/middleware.rb:20:in `call'
actionpack (5.2.0) lib/action_dispatch/middleware/show_exceptions.rb:33:in `call'
railties (5.2.0) lib/rails/rack/logger.rb:38:in `call_app'
railties (5.2.0) lib/rails/rack/logger.rb:26:in `block in call'
activesupport (5.2.0) lib/active_support/tagged_logging.rb:71:in `block in tagged'
activesupport (5.2.0) lib/active_support/tagged_logging.rb:28:in `tagged'
activesupport (5.2.0) lib/active_support/tagged_logging.rb:71:in `tagged'
railties (5.2.0) lib/rails/rack/logger.rb:26:in `call'
sprockets-rails (3.2.1) lib/sprockets/rails/quiet_assets.rb:13:in `call'
actionpack (5.2.0) lib/action_dispatch/middleware/remote_ip.rb:81:in `call'
actionpack (5.2.0) lib/action_dispatch/middleware/request_id.rb:27:in `call'
rack (2.0.5) lib/rack/method_override.rb:22:in `call'
rack (2.0.5) lib/rack/runtime.rb:22:in `call'
activesupport (5.2.0) lib/active_support/cache/strategy/local_cache_middleware.rb:29:in `call'
actionpack (5.2.0) lib/action_dispatch/middleware/executor.rb:14:in `call'
actionpack (5.2.0) lib/action_dispatch/middleware/static.rb:127:in `call'
rack (2.0.5) lib/rack/sendfile.rb:111:in `call'
railties (5.2.0) lib/rails/engine.rb:524:in `call'
puma (3.11.4) lib/puma/configuration.rb:225:in `call'
puma (3.11.4) lib/puma/server.rb:632:in `handle_request'
puma (3.11.4) lib/puma/server.rb:446:in `process_client'
puma (3.11.4) lib/puma/server.rb:306:in `block in run'
puma (3.11.4) lib/puma/thread_pool.rb:120:in `block in spawn_thread'
Started PUT "/__web_console/repl_sessions/ae084770c261bc6720f34a05671ea273" for 127.0.0.1 at 2018-05-14 16:08:18 +1000
Started PUT "/__web_console/repl_sessions/ae084770c261bc6720f34a05671ea273" for 127.0.0.1 at 2018-05-14 16:08:18 +1000
Started GET "/stocks/lookup?stock_symbol=AAPL" for 127.0.0.1 at 2018-05-14 16:10:35 +1000
Processing by StocksController#search_results as HTML
  Parameters: {"stock_symbol"=>"AAPL"}
  Rendering stocks/search_results.html.erb within layouts/application
  Rendered stocks/search_results.html.erb within layouts/application (0.4ms)
Completed 200 OK in 774ms (Views: 17.8ms | ActiveRecord: 0.0ms)


Started GET "/stocks/lookup?stock_symbol=AAPL" for 127.0.0.1 at 2018-05-14 16:11:05 +1000
Processing by StocksController#search_results as HTML
  Parameters: {"stock_symbol"=>"AAPL"}
Completed 500 Internal Server Error in 800ms (ActiveRecord: 0.0ms)


  
RuntimeError (hell):
  
app/controllers/stocks_controller.rb:10:in `search_results'
Started PUT "/__web_console/repl_sessions/efd8b174078dd869acfb1b13715e09fc" for 127.0.0.1 at 2018-05-14 16:11:12 +1000
Started PUT "/__web_console/repl_sessions/efd8b174078dd869acfb1b13715e09fc" for 127.0.0.1 at 2018-05-14 16:11:14 +1000
Started GET "/stocks/lookup?stock_symbol=AAPL" for 127.0.0.1 at 2018-05-14 16:12:05 +1000
Processing by StocksController#search_results as HTML
  Parameters: {"stock_symbol"=>"AAPL"}
Completed 500 Internal Server Error in 736ms (ActiveRecord: 0.0ms)


  
RuntimeError (hell):
  
app/controllers/stocks_controller.rb:10:in `search_results'
Started GET "/stocks/lookup?stock_symbol=AAPL" for 127.0.0.1 at 2018-05-14 16:12:10 +1000
Processing by StocksController#search_results as HTML
  Parameters: {"stock_symbol"=>"AAPL"}
  Rendering stocks/search_results.html.erb within layouts/application
  Rendered stocks/search_results.html.erb within layouts/application (0.4ms)
Completed 200 OK in 747ms (Views: 17.2ms | ActiveRecord: 0.0ms)


Started GET "/movies" for 127.0.0.1 at 2018-05-14 16:34:07 +1000
  
ActionController::RoutingError (No route matches [GET] "/movies"):
  
actionpack (5.2.0) lib/action_dispatch/middleware/debug_exceptions.rb:65:in `call'
web-console (3.6.2) lib/web_console/middleware.rb:135:in `call_app'
web-console (3.6.2) lib/web_console/middleware.rb:30:in `block in call'
web-console (3.6.2) lib/web_console/middleware.rb:20:in `catch'
web-console (3.6.2) lib/web_console/middleware.rb:20:in `call'
actionpack (5.2.0) lib/action_dispatch/middleware/show_exceptions.rb:33:in `call'
railties (5.2.0) lib/rails/rack/logger.rb:38:in `call_app'
railties (5.2.0) lib/rails/rack/logger.rb:26:in `block in call'
activesupport (5.2.0) lib/active_support/tagged_logging.rb:71:in `block in tagged'
activesupport (5.2.0) lib/active_support/tagged_logging.rb:28:in `tagged'
activesupport (5.2.0) lib/active_support/tagged_logging.rb:71:in `tagged'
railties (5.2.0) lib/rails/rack/logger.rb:26:in `call'
sprockets-rails (3.2.1) lib/sprockets/rails/quiet_assets.rb:13:in `call'
actionpack (5.2.0) lib/action_dispatch/middleware/remote_ip.rb:81:in `call'
actionpack (5.2.0) lib/action_dispatch/middleware/request_id.rb:27:in `call'
rack (2.0.5) lib/rack/method_override.rb:22:in `call'
rack (2.0.5) lib/rack/runtime.rb:22:in `call'
activesupport (5.2.0) lib/active_support/cache/strategy/local_cache_middleware.rb:29:in `call'
actionpack (5.2.0) lib/action_dispatch/middleware/executor.rb:14:in `call'
actionpack (5.2.0) lib/action_dispatch/middleware/static.rb:127:in `call'
rack (2.0.5) lib/rack/sendfile.rb:111:in `call'
railties (5.2.0) lib/rails/engine.rb:524:in `call'
puma (3.11.4) lib/puma/configuration.rb:225:in `call'
puma (3.11.4) lib/puma/server.rb:632:in `handle_request'
puma (3.11.4) lib/puma/server.rb:446:in `process_client'
puma (3.11.4) lib/puma/server.rb:306:in `block in run'
puma (3.11.4) lib/puma/thread_pool.rb:120:in `block in spawn_thread'
Started GET "/movies" for 127.0.0.1 at 2018-05-14 16:38:06 +1000
Processing by MoviesController#search_form as HTML
  Rendering movies/search_form.html.erb within layouts/application
  Rendered movies/search_form.html.erb within layouts/application (0.5ms)
Completed 200 OK in 56ms (Views: 53.6ms | ActiveRecord: 0.0ms)


Started GET "/movies/results?query=aliens" for 127.0.0.1 at 2018-05-14 16:38:10 +1000
  
ActionController::RoutingError (No route matches [GET] "/movies/results"):
  
actionpack (5.2.0) lib/action_dispatch/middleware/debug_exceptions.rb:65:in `call'
web-console (3.6.2) lib/web_console/middleware.rb:135:in `call_app'
web-console (3.6.2) lib/web_console/middleware.rb:30:in `block in call'
web-console (3.6.2) lib/web_console/middleware.rb:20:in `catch'
web-console (3.6.2) lib/web_console/middleware.rb:20:in `call'
actionpack (5.2.0) lib/action_dispatch/middleware/show_exceptions.rb:33:in `call'
railties (5.2.0) lib/rails/rack/logger.rb:38:in `call_app'
railties (5.2.0) lib/rails/rack/logger.rb:26:in `block in call'
activesupport (5.2.0) lib/active_support/tagged_logging.rb:71:in `block in tagged'
activesupport (5.2.0) lib/active_support/tagged_logging.rb:28:in `tagged'
activesupport (5.2.0) lib/active_support/tagged_logging.rb:71:in `tagged'
railties (5.2.0) lib/rails/rack/logger.rb:26:in `call'
sprockets-rails (3.2.1) lib/sprockets/rails/quiet_assets.rb:13:in `call'
actionpack (5.2.0) lib/action_dispatch/middleware/remote_ip.rb:81:in `call'
actionpack (5.2.0) lib/action_dispatch/middleware/request_id.rb:27:in `call'
rack (2.0.5) lib/rack/method_override.rb:22:in `call'
rack (2.0.5) lib/rack/runtime.rb:22:in `call'
activesupport (5.2.0) lib/active_support/cache/strategy/local_cache_middleware.rb:29:in `call'
actionpack (5.2.0) lib/action_dispatch/middleware/executor.rb:14:in `call'
actionpack (5.2.0) lib/action_dispatch/middleware/static.rb:127:in `call'
rack (2.0.5) lib/rack/sendfile.rb:111:in `call'
railties (5.2.0) lib/rails/engine.rb:524:in `call'
puma (3.11.4) lib/puma/configuration.rb:225:in `call'
puma (3.11.4) lib/puma/server.rb:632:in `handle_request'
puma (3.11.4) lib/puma/server.rb:446:in `process_client'
puma (3.11.4) lib/puma/server.rb:306:in `block in run'
puma (3.11.4) lib/puma/thread_pool.rb:120:in `block in spawn_thread'
Started GET "/movies/results?query=aliens" for 127.0.0.1 at 2018-05-14 16:43:42 +1000
Processing by MoviesController#results as HTML
  Parameters: {"query"=>"aliens"}
Completed 500 Internal Server Error in 1037ms (ActiveRecord: 0.0ms)


  
RuntimeError (hell):
  
app/controllers/movies_controller.rb:14:in `results'
Started PUT "/__web_console/repl_sessions/14f59fe9567d73313b8b4821df2bd762" for 127.0.0.1 at 2018-05-14 16:43:56 +1000
Started PUT "/__web_console/repl_sessions/14f59fe9567d73313b8b4821df2bd762" for 127.0.0.1 at 2018-05-14 16:43:59 +1000
Started PUT "/__web_console/repl_sessions/14f59fe9567d73313b8b4821df2bd762" for 127.0.0.1 at 2018-05-14 16:44:12 +1000
Started PUT "/__web_console/repl_sessions/14f59fe9567d73313b8b4821df2bd762" for 127.0.0.1 at 2018-05-14 16:44:13 +1000
Started PUT "/__web_console/repl_sessions/14f59fe9567d73313b8b4821df2bd762" for 127.0.0.1 at 2018-05-14 16:44:13 +1000
Started PUT "/__web_console/repl_sessions/14f59fe9567d73313b8b4821df2bd762" for 127.0.0.1 at 2018-05-14 16:44:13 +1000
Started PUT "/__web_console/repl_sessions/14f59fe9567d73313b8b4821df2bd762" for 127.0.0.1 at 2018-05-14 16:44:18 +1000
Started PUT "/__web_console/repl_sessions/14f59fe9567d73313b8b4821df2bd762" for 127.0.0.1 at 2018-05-14 16:44:21 +1000
Started PUT "/__web_console/repl_sessions/14f59fe9567d73313b8b4821df2bd762" for 127.0.0.1 at 2018-05-14 16:44:23 +1000
Started PUT "/__web_console/repl_sessions/14f59fe9567d73313b8b4821df2bd762" for 127.0.0.1 at 2018-05-14 16:45:43 +1000
Started PUT "/__web_console/repl_sessions/14f59fe9567d73313b8b4821df2bd762" for 127.0.0.1 at 2018-05-14 16:45:45 +1000
Started PUT "/__web_console/repl_sessions/14f59fe9567d73313b8b4821df2bd762" for 127.0.0.1 at 2018-05-14 16:45:45 +1000
Started GET "/movies/results?query=aliens" for 127.0.0.1 at 2018-05-14 16:47:29 +1000
Processing by MoviesController#results as HTML
  Parameters: {"query"=>"aliens"}
  Rendering movies/results.html.erb within layouts/application
  Rendered movies/results.html.erb within layouts/application (1.6ms)
Completed 200 OK in 1010ms (Views: 27.9ms | ActiveRecord: 0.0ms)


Started GET "/movies/results?query=aliens" for 127.0.0.1 at 2018-05-14 16:47:45 +1000
Processing by MoviesController#results as HTML
  Parameters: {"query"=>"aliens"}
  Rendering movies/results.html.erb within layouts/application
  Rendered movies/results.html.erb within layouts/application (0.9ms)
Completed 200 OK in 978ms (Views: 19.7ms | ActiveRecord: 0.0ms)


Started GET "/movies/results?query=aliens" for 127.0.0.1 at 2018-05-14 16:49:42 +1000
Processing by MoviesController#results as HTML
  Parameters: {"query"=>"aliens"}
  Rendering movies/results.html.erb within layouts/application
  Rendered movies/results.html.erb within layouts/application (2.1ms)
Completed 500 Internal Server Error in 930ms (ActiveRecord: 0.0ms)


  
ActionView::Template::Error (no implicit conversion of nil into String):
    4: <ul>
    5: <% @results["results"].each do |movie| %>
    6:   <li>
    7:     <%= image_tag @img_base_url +  movie["poster_path"] %>
    8:   </li>
    9: <% end %>
   10: </ul>
  
app/views/movies/results.html.erb:7:in `+'
app/views/movies/results.html.erb:7:in `block in _app_views_movies_results_html_erb___634791308869403596_70215435326040'
app/views/movies/results.html.erb:5:in `each'
app/views/movies/results.html.erb:5:in `_app_views_movies_results_html_erb___634791308869403596_70215435326040'
Started PUT "/__web_console/repl_sessions/f58fa155cdf8ba2d0d0706be37102249" for 127.0.0.1 at 2018-05-14 16:49:58 +1000
Started PUT "/__web_console/repl_sessions/f58fa155cdf8ba2d0d0706be37102249" for 127.0.0.1 at 2018-05-14 16:50:00 +1000
Started PUT "/__web_console/repl_sessions/f58fa155cdf8ba2d0d0706be37102249" for 127.0.0.1 at 2018-05-14 16:50:03 +1000
Started GET "/movies/results?query=aliens" for 127.0.0.1 at 2018-05-14 16:51:41 +1000
Processing by MoviesController#results as HTML
  Parameters: {"query"=>"aliens"}
  Rendering movies/results.html.erb within layouts/application
  Rendered movies/results.html.erb within layouts/application (1.8ms)
Completed 200 OK in 943ms (Views: 25.2ms | ActiveRecord: 0.0ms)


Started GET "/movies/results?query=aliens" for 127.0.0.1 at 2018-05-14 16:52:13 +1000
Processing by MoviesController#results as HTML
  Parameters: {"query"=>"aliens"}
  Rendering movies/results.html.erb within layouts/application
  Rendered movies/results.html.erb within layouts/application (1.3ms)
Completed 200 OK in 938ms (Views: 27.9ms | ActiveRecord: 0.0ms)


Started GET "/movies/results?query=aliens" for 127.0.0.1 at 2018-05-14 16:52:25 +1000
Processing by MoviesController#results as HTML
  Parameters: {"query"=>"aliens"}
  Rendering movies/results.html.erb within layouts/application
  Rendered movies/results.html.erb within layouts/application (1.1ms)
Completed 200 OK in 923ms (Views: 20.2ms | ActiveRecord: 0.0ms)


Started GET "/movies/results?query=aliens" for 127.0.0.1 at 2018-05-14 16:53:22 +1000
Processing by MoviesController#results as HTML
  Parameters: {"query"=>"aliens"}
  Rendering movies/results.html.erb within layouts/application
  Rendered movies/results.html.erb within layouts/application (1.7ms)
Completed 200 OK in 1265ms (Views: 18.3ms | ActiveRecord: 0.0ms)


Started GET "/movies/results?query=aliens" for 127.0.0.1 at 2018-05-14 16:55:08 +1000
Processing by MoviesController#results as HTML
  Parameters: {"query"=>"aliens"}
  Rendering movies/results.html.erb within layouts/application
  Rendered movies/results.html.erb within layouts/application (1.3ms)
Completed 200 OK in 939ms (Views: 20.3ms | ActiveRecord: 0.0ms)


Started GET "/movies/49849" for 127.0.0.1 at 2018-05-14 16:55:19 +1000
  
ActionController::RoutingError (No route matches [GET] "/movies/49849"):
  
actionpack (5.2.0) lib/action_dispatch/middleware/debug_exceptions.rb:65:in `call'
web-console (3.6.2) lib/web_console/middleware.rb:135:in `call_app'
web-console (3.6.2) lib/web_console/middleware.rb:30:in `block in call'
web-console (3.6.2) lib/web_console/middleware.rb:20:in `catch'
web-console (3.6.2) lib/web_console/middleware.rb:20:in `call'
actionpack (5.2.0) lib/action_dispatch/middleware/show_exceptions.rb:33:in `call'
railties (5.2.0) lib/rails/rack/logger.rb:38:in `call_app'
railties (5.2.0) lib/rails/rack/logger.rb:26:in `block in call'
activesupport (5.2.0) lib/active_support/tagged_logging.rb:71:in `block in tagged'
activesupport (5.2.0) lib/active_support/tagged_logging.rb:28:in `tagged'
activesupport (5.2.0) lib/active_support/tagged_logging.rb:71:in `tagged'
railties (5.2.0) lib/rails/rack/logger.rb:26:in `call'
sprockets-rails (3.2.1) lib/sprockets/rails/quiet_assets.rb:13:in `call'
actionpack (5.2.0) lib/action_dispatch/middleware/remote_ip.rb:81:in `call'
actionpack (5.2.0) lib/action_dispatch/middleware/request_id.rb:27:in `call'
rack (2.0.5) lib/rack/method_override.rb:22:in `call'
rack (2.0.5) lib/rack/runtime.rb:22:in `call'
activesupport (5.2.0) lib/active_support/cache/strategy/local_cache_middleware.rb:29:in `call'
actionpack (5.2.0) lib/action_dispatch/middleware/executor.rb:14:in `call'
actionpack (5.2.0) lib/action_dispatch/middleware/static.rb:127:in `call'
rack (2.0.5) lib/rack/sendfile.rb:111:in `call'
railties (5.2.0) lib/rails/engine.rb:524:in `call'
puma (3.11.4) lib/puma/configuration.rb:225:in `call'
puma (3.11.4) lib/puma/server.rb:632:in `handle_request'
puma (3.11.4) lib/puma/server.rb:446:in `process_client'
puma (3.11.4) lib/puma/server.rb:306:in `block in run'
puma (3.11.4) lib/puma/thread_pool.rb:120:in `block in spawn_thread'
Started GET "/movies/49849" for 127.0.0.1 at 2018-05-14 16:56:25 +1000
Processing by MoviesController#show as HTML
  Parameters: {"id"=>"49849"}
  Rendering movies/show.html.erb within layouts/application
  Rendered movies/show.html.erb within layouts/application (0.5ms)
Completed 200 OK in 22ms (Views: 20.9ms | ActiveRecord: 0.0ms)


Started GET "/movies/49849" for 127.0.0.1 at 2018-05-14 16:56:48 +1000
Processing by MoviesController#show as HTML
  Parameters: {"id"=>"49849"}
  Rendering movies/show.html.erb within layouts/application
  Rendered movies/show.html.erb within layouts/application (0.3ms)
Completed 200 OK in 18ms (Views: 17.0ms | ActiveRecord: 0.0ms)


Started GET "/movies/results?query=aliens" for 127.0.0.1 at 2018-05-14 16:56:51 +1000
Processing by MoviesController#results as HTML
  Parameters: {"query"=>"aliens"}
  Rendering movies/results.html.erb within layouts/application
  Rendered movies/results.html.erb within layouts/application (1.3ms)
Completed 200 OK in 935ms (Views: 17.4ms | ActiveRecord: 0.0ms)


Started GET "/movies/20856" for 127.0.0.1 at 2018-05-14 16:56:53 +1000
Processing by MoviesController#show as HTML
  Parameters: {"id"=>"20856"}
  Rendering movies/show.html.erb within layouts/application
  Rendered movies/show.html.erb within layouts/application (0.4ms)
Completed 200 OK in 15ms (Views: 13.2ms | ActiveRecord: 0.0ms)


Started GET "/movies/20856" for 127.0.0.1 at 2018-05-14 16:59:03 +1000
Processing by MoviesController#show as HTML
  Parameters: {"id"=>"20856"}
  Rendering movies/show.html.erb within layouts/application
  Rendered movies/show.html.erb within layouts/application (0.6ms)
Completed 200 OK in 942ms (Views: 26.0ms | ActiveRecord: 0.0ms)


Started GET "/movies/20856" for 127.0.0.1 at 2018-05-14 16:59:50 +1000
Processing by MoviesController#show as HTML
  Parameters: {"id"=>"20856"}
  Rendering movies/show.html.erb within layouts/application
  Rendered movies/show.html.erb within layouts/application (0.6ms)
Completed 200 OK in 912ms (Views: 18.0ms | ActiveRecord: 0.0ms)


Started GET "/movies/20856" for 127.0.0.1 at 2018-05-14 17:01:06 +1000
Processing by MoviesController#show as HTML
  Parameters: {"id"=>"20856"}
  Rendering movies/show.html.erb within layouts/application
  Rendered movies/show.html.erb within layouts/application (46.8ms)
Completed 500 Internal Server Error in 2127ms (ActiveRecord: 0.0ms)


  
ActionView::Template::Error (wrong number of arguments (given 0, expected 1..2)):
    3: <hr>
    4: <p>Budget: $<%= number_to_currency @movie["budget"] %></p>
    5: 
    6: <%= image_tag  %>
    7: 
    8: <code>
    9: <%= @movie %>
  
app/views/movies/show.html.erb:6:in `_app_views_movies_show_html_erb___2082256650989778532_70215444095880'
Started GET "/movies/20856" for 127.0.0.1 at 2018-05-14 17:01:34 +1000
Processing by MoviesController#show as HTML
  Parameters: {"id"=>"20856"}
  Rendering movies/show.html.erb within layouts/application
  Rendered movies/show.html.erb within layouts/application (190.8ms)
Completed 500 Internal Server Error in 1298ms (ActiveRecord: 0.0ms)


  
ActionView::Template::Error (undefined local variable or method `movie' for #<#<Class:0x007fb89aa265c0>:0x007fb89aa24478>
Did you mean?  @movie):
    3: <hr>
    4: <p>Budget: $<%= number_to_currency @movie["budget"] %></p>
    5: 
    6: <%= image_tag @img_base_url + movie["poster_path"]  %>
    7: 
    8: <code>
    9: <%= @movie %>
  
app/views/movies/show.html.erb:6:in `_app_views_movies_show_html_erb___2082256650989778532_70215422526020'
Started GET "/movies/20856" for 127.0.0.1 at 2018-05-14 17:01:48 +1000
Processing by MoviesController#show as HTML
  Parameters: {"id"=>"20856"}
  Rendering movies/show.html.erb within layouts/application
  Rendered movies/show.html.erb within layouts/application (0.9ms)
Completed 200 OK in 915ms (Views: 20.2ms | ActiveRecord: 0.0ms)


Started GET "/movies/20856" for 127.0.0.1 at 2018-05-14 17:01:59 +1000
Processing by MoviesController#show as HTML
  Parameters: {"id"=>"20856"}
  Rendering movies/show.html.erb within layouts/application
  Rendered movies/show.html.erb within layouts/application (6.3ms)
Completed 200 OK in 1013ms (Views: 27.1ms | ActiveRecord: 0.0ms)


Started GET "/movies/20856" for 127.0.0.1 at 2018-05-14 17:02:24 +1000
Processing by MoviesController#show as HTML
  Parameters: {"id"=>"20856"}
  Rendering movies/show.html.erb within layouts/application
  Rendered movies/show.html.erb within layouts/application (1.6ms)
Completed 200 OK in 939ms (Views: 28.3ms | ActiveRecord: 0.0ms)


Started GET "/movies/20856" for 127.0.0.1 at 2018-05-14 17:03:52 +1000
Processing by MoviesController#show as HTML
  Parameters: {"id"=>"20856"}
  Rendering movies/show.html.erb within layouts/application
  Rendered movies/show.html.erb within layouts/application (1.0ms)
Completed 200 OK in 1286ms (Views: 21.3ms | ActiveRecord: 0.0ms)


